{
  message: 'database connected is successfully ',
  level: 'info',
  label: 'ph',
  timestamp: '2023-06-10T02:52:58.948Z'
}
{
  message: 'Application listening on port 5000',
  level: 'info',
  label: 'ph',
  timestamp: '2023-06-10T02:52:58.981Z'
}
{
  message: 'database connected is successfully ',
  level: 'info',
  label: 'ph',
  timestamp: '2023-06-10T02:53:58.771Z'
}
{
  message: 'Application listening on port 5000',
  level: 'info',
  label: 'ph',
  timestamp: '2023-06-10T02:53:58.846Z'
}
{
  message: 'database connected is successfully ',
  level: 'info',
  label: 'ph',
  timestamp: '2023-06-10T02:54:41.449Z'
}
{
  message: 'Application listening on port 5000',
  level: 'info',
  label: 'ph',
  timestamp: '2023-06-10T02:54:41.477Z'
}
