{
  message: 'database connected is successfully ',
  level: 'info',
  label: 'ph',
  timestamp: '2023-06-15T15:17:47.380Z'
}
{
  message: 'Application listening on port 5000',
  level: 'info',
  label: 'ph',
  timestamp: '2023-06-15T15:17:47.401Z'
}
{
  message: 'database connected is successfully ',
  level: 'info',
  label: 'ph',
  timestamp: '2023-06-15T15:18:00.476Z'
}
{
  message: 'Application listening on port 5000',
  level: 'info',
  label: 'ph',
  timestamp: '2023-06-15T15:18:00.523Z'
}
{
  message: 'database connected is successfully ',
  level: 'info',
  label: 'ph',
  timestamp: '2023-06-15T15:28:18.655Z'
}
{
  message: 'Application listening on port 5000',
  level: 'info',
  label: 'ph',
  timestamp: '2023-06-15T15:28:18.723Z'
}
{
  message: 'database connected is successfully ',
  level: 'info',
  label: 'ph',
  timestamp: '2023-06-15T15:28:51.774Z'
}
{
  message: 'Application listening on port 5000',
  level: 'info',
  label: 'ph',
  timestamp: '2023-06-15T15:28:51.836Z'
}
{
  message: 'database connected is successfully ',
  level: 'info',
  label: 'ph',
  timestamp: '2023-06-15T15:29:31.562Z'
}
{
  message: 'Application listening on port 5000',
  level: 'info',
  label: 'ph',
  timestamp: '2023-06-15T15:29:31.640Z'
}
{
  message: 'database connected is successfully ',
  level: 'info',
  label: 'ph',
  timestamp: '2023-06-15T15:34:01.726Z'
}
{
  message: 'Application listening on port 5000',
  level: 'info',
  label: 'ph',
  timestamp: '2023-06-15T15:34:01.749Z'
}
