{
  message: 'database connected is successfully ',
  level: 'info',
  label: 'ph',
  timestamp: '2023-06-11T13:20:09.471Z'
}
{
  message: 'Application listening on port 5000',
  level: 'info',
  label: 'ph',
  timestamp: '2023-06-11T13:20:09.479Z'
}
{
  message: 'database connected is successfully ',
  level: 'info',
  label: 'ph',
  timestamp: '2023-06-11T13:24:27.224Z'
}
{
  message: 'Application listening on port 5000',
  level: 'info',
  label: 'ph',
  timestamp: '2023-06-11T13:24:27.232Z'
}
{
  message: 'database connected is successfully ',
  level: 'info',
  label: 'ph',
  timestamp: '2023-06-11T13:40:32.326Z'
}
{
  message: 'Application listening on port 5000',
  level: 'info',
  label: 'ph',
  timestamp: '2023-06-11T13:40:32.336Z'
}
{
  message: 'database connected is successfully ',
  level: 'info',
  label: 'ph',
  timestamp: '2023-06-11T13:49:21.453Z'
}
{
  message: 'Application listening on port 5000',
  level: 'info',
  label: 'ph',
  timestamp: '2023-06-11T13:49:21.466Z'
}
{
  message: 'database connected is successfully ',
  level: 'info',
  label: 'ph',
  timestamp: '2023-06-11T13:57:39.638Z'
}
{
  message: 'Application listening on port 5000',
  level: 'info',
  label: 'ph',
  timestamp: '2023-06-11T13:57:39.653Z'
}
{
  message: 'database connected is successfully ',
  level: 'info',
  label: 'ph',
  timestamp: '2023-06-11T13:59:25.561Z'
}
{
  message: 'Application listening on port 5000',
  level: 'info',
  label: 'ph',
  timestamp: '2023-06-11T13:59:25.575Z'
}
{
  message: 'database connected is successfully ',
  level: 'info',
  label: 'ph',
  timestamp: '2023-06-11T13:59:30.128Z'
}
{
  message: 'Application listening on port 5000',
  level: 'info',
  label: 'ph',
  timestamp: '2023-06-11T13:59:30.137Z'
}
