{
  message: 'database connected is successfully ',
  level: 'info',
  label: 'ph',
  timestamp: '2023-07-06T15:52:16.466Z'
}
{
  message: 'Application listening on port 5000',
  level: 'info',
  label: 'ph',
  timestamp: '2023-07-06T15:52:16.476Z'
}
{
  message: 'database connected is successfully ',
  level: 'info',
  label: 'ph',
  timestamp: '2023-07-06T15:56:03.055Z'
}
{
  message: 'Application listening on port 5000',
  level: 'info',
  label: 'ph',
  timestamp: '2023-07-06T15:56:03.066Z'
}
{
  message: 'database connected is successfully ',
  level: 'info',
  label: 'ph',
  timestamp: '2023-07-06T15:56:33.383Z'
}
{
  message: 'Application listening on port 5000',
  level: 'info',
  label: 'ph',
  timestamp: '2023-07-06T15:56:33.434Z'
}
{
  message: 'database connected is successfully ',
  level: 'info',
  label: 'ph',
  timestamp: '2023-07-06T15:59:56.671Z'
}
{
  message: 'Application listening on port 5000',
  level: 'info',
  label: 'ph',
  timestamp: '2023-07-06T15:59:56.710Z'
}
