{
  message: 'database connected is successfully ',
  level: 'info',
  label: 'ph',
  timestamp: '2023-07-05T16:06:06.585Z'
}
{
  message: 'Application listening on port 5000',
  level: 'info',
  label: 'ph',
  timestamp: '2023-07-05T16:06:06.599Z'
}
{
  message: 'database connected is successfully ',
  level: 'info',
  label: 'ph',
  timestamp: '2023-07-05T16:08:21.126Z'
}
{
  message: 'Application listening on port 5000',
  level: 'info',
  label: 'ph',
  timestamp: '2023-07-05T16:08:21.135Z'
}
{
  message: 'database connected is successfully ',
  level: 'info',
  label: 'ph',
  timestamp: '2023-07-05T16:09:26.155Z'
}
{
  message: 'Application listening on port 5000',
  level: 'info',
  label: 'ph',
  timestamp: '2023-07-05T16:09:26.164Z'
}
{
  message: 'database connected is successfully ',
  level: 'info',
  label: 'ph',
  timestamp: '2023-07-05T16:12:08.621Z'
}
{
  message: 'Application listening on port 5000',
  level: 'info',
  label: 'ph',
  timestamp: '2023-07-05T16:12:08.632Z'
}
