{"level":"info","message":"database connected is successfully "}
{"level":"info","message":"Application listening on port 5000"}
{"level":"info","message":"database connected is successfully "}
{"level":"info","message":"Application listening on port 5000"}
{"level":"info","message":"database connected is successfully "}
{"level":"info","message":"Application listening on port 5000"}
2023-06-06T14:51:53.919Z [right meow!] info: database connected is successfully 
2023-06-06T14:51:53.943Z [right meow!] info: Application listening on port 5000
$ [right meow!] info: database connected is successfully 
$ [right meow!] info: Application listening on port 5000
[right meow!] info: database connected is successfully  {timestamp}
[right meow!] info: Application listening on port 5000 {timestamp}
[right meow!] info: database connected is successfully  2023-06-06T14:54:05.911Z
[right meow!] info: Application listening on port 5000 2023-06-06T14:54:05.942Z
2023-06-06T14:55:05.194Z [right meow!] info: database connected is successfully 
2023-06-06T14:55:05.218Z [right meow!] info: Application listening on port 5000
Tue Jun 06 2023 21:7:52 [ph] info: database connected is successfully 
Tue Jun 06 2023 21:7:52 [ph] info: Application listening on port 5000
Tue Jun 06 2023 21:9:6 } [ph] info: database connected is successfully 
Tue Jun 06 2023 21:9:6 } [ph] info: Application listening on port 5000
Tue Jun 06 2023 21:9:12  [ph] info: database connected is successfully 
Tue Jun 06 2023 21:9:12  [ph] info: Application listening on port 5000
Tue Jun 06 2023 21:9:42 } [ph] info: database connected is successfully 
Tue Jun 06 2023 21:9:42 } [ph] info: Application listening on port 5000
Tue Jun 06 2023 21:9:59  [ph] info: database connected is successfully 
Tue Jun 06 2023 21:10:0  [ph] info: Application listening on port 5000
Tue Jun 06 2023 21:10:26 
   [ph] info: database connected is successfully 
Tue Jun 06 2023 21:10:26 
   [ph] info: Application listening on port 5000
Tue Jun 06 2023 21:10:39  [ph] info: database connected is successfully 
Tue Jun 06 2023 21:10:39  [ph] info: Application listening on port 5000
Tue Jun 06 2023 21:10:51  [ph] 
  info: database connected is successfully 
Tue Jun 06 2023 21:10:51  [ph] 
  info: Application listening on port 5000
Tue Jun 06 2023 21:13:58  [ph] 
  info: database connected is successfully 
Tue Jun 06 2023 21:13:58  [ph] 
  info: Application listening on port 5000
Tue Jun 06 2023 21:15:4  [ph] 
  info: database connected is successfully 
Tue Jun 06 2023 21:15:4  [ph] 
  info: Application listening on port 5000
Tue Jun 06 2023 21:15:14  [ph] 
  info: database connected is successfully 
Tue Jun 06 2023 21:15:14  [ph] 
  info: Application listening on port 5000
Tue Jun 06 2023 21:17:22  [ph] 
  info: database connected is successfully 
Tue Jun 06 2023 21:17:22  [ph] 
  info: Application listening on port 5000
{
  message: 'database connected is successfully ',
  level: 'info',
  label: 'ph',
  timestamp: '2023-06-06T15:17:31.612Z'
}
{
  message: 'Application listening on port 5000',
  level: 'info',
  label: 'ph',
  timestamp: '2023-06-06T15:17:31.642Z'
}
